<?xml version="1.0" encoding="UTF-8"?>
<testng-results ignored="0" total="2" passed="2" failed="0" skipped="0">
  <reporter-output>
  </reporter-output>
  <suite started-at="2025-05-13T23:04:41 BST" name="Default suite" finished-at="2025-05-13T23:04:56 BST" duration-ms="15169">
    <groups>
    </groups>
    <test started-at="2025-05-13T23:04:41 BST" name="Default test" finished-at="2025-05-13T23:04:56 BST" duration-ms="15169">
      <class name="testcases.TC_003LogoutFunction">
        <test-method is-config="true" signature="setData()[pri:0, instance:testcases.TC_003LogoutFunction@247bddad]" started-at="2025-05-13T23:04:41 BST" name="setData" finished-at="2025-05-13T23:04:41 BST" duration-ms="9" status="PASS">
          <reporter-output>
          </reporter-output>
        </test-method> <!-- setData -->
        <test-method is-config="true" signature="preConditions()[pri:0, instance:testcases.TC_003LogoutFunction@247bddad]" started-at="2025-05-13T23:04:42 BST" name="preConditions" finished-at="2025-05-13T23:04:48 BST" duration-ms="6538" status="PASS">
          <reporter-output>
          </reporter-output>
        </test-method> <!-- preConditions -->
        <test-method signature="runLogout(java.lang.String,java.lang.String)[pri:0, instance:testcases.TC_003LogoutFunction@247bddad]" started-at="2025-05-13T23:04:48 BST" name="runLogout" data-provider="fetchData" finished-at="2025-05-13T23:04:50 BST" duration-ms="1230" status="PASS">
          <params>
            <param index="0">
              <value>
                <![CDATA[Demosalesmanager]]>
              </value>
            </param>
            <param index="1">
              <value>
                <![CDATA[crmsfa]]>
              </value>
            </param>
          </params>
          <reporter-output>
          </reporter-output>
        </test-method> <!-- runLogout -->
        <test-method is-config="true" signature="postConditions()[pri:0, instance:testcases.TC_003LogoutFunction@247bddad]" started-at="2025-05-13T23:04:50 BST" name="postConditions" finished-at="2025-05-13T23:04:50 BST" duration-ms="761" status="PASS">
          <reporter-output>
          </reporter-output>
        </test-method> <!-- postConditions -->
        <test-method is-config="true" signature="preConditions()[pri:0, instance:testcases.TC_003LogoutFunction@247bddad]" started-at="2025-05-13T23:04:50 BST" name="preConditions" finished-at="2025-05-13T23:04:54 BST" duration-ms="4051" status="PASS">
          <reporter-output>
          </reporter-output>
        </test-method> <!-- preConditions -->
        <test-method signature="runLogout(java.lang.String,java.lang.String)[pri:0, instance:testcases.TC_003LogoutFunction@247bddad]" started-at="2025-05-13T23:04:54 BST" name="runLogout" data-provider="fetchData" finished-at="2025-05-13T23:04:55 BST" duration-ms="1034" status="PASS">
          <params>
            <param index="0">
              <value>
                <![CDATA[DemoCSR]]>
              </value>
            </param>
            <param index="1">
              <value>
                <![CDATA[crmsfa]]>
              </value>
            </param>
          </params>
          <reporter-output>
          </reporter-output>
        </test-method> <!-- runLogout -->
        <test-method is-config="true" signature="postConditions()[pri:0, instance:testcases.TC_003LogoutFunction@247bddad]" started-at="2025-05-13T23:04:55 BST" name="postConditions" finished-at="2025-05-13T23:04:56 BST" duration-ms="673" status="PASS">
          <reporter-output>
          </reporter-output>
        </test-method> <!-- postConditions -->
      </class> <!-- testcases.TC_003LogoutFunction -->
    </test> <!-- Default test -->
  </suite> <!-- Default suite -->
</testng-results>
